<?xml version="1.0" encoding="UTF-8"?>
<testsuite name="DashboardControllerTest" skipped="0" failures="0" errors="0" tests="2" assertions="2" time="0.5122039999696426">
  <testcase name="test_Should_get_Dashboard_index_whit_no_params_at_all" classname="DashboardControllerTest" assertions="1" time="0.29175500001292676">
  </testcase>
  <testcase name="test_Should_get_Dashboard_with_month_and_year_in_HTML" classname="DashboardControllerTest" assertions="1" time="0.22044899995671585">
  </testcase>
</testsuite>
