<?xml version="1.0" encoding="UTF-8"?>
<testsuite name="ExpenseTest" skipped="0" failures="0" errors="0" tests="4" assertions="4" time="0.020841999968979508">
  <testcase name="test_Expense_should_have_a_date" classname="ExpenseTest" assertions="1" time="0.014222999976482242">
  </testcase>
  <testcase name="test_Expense_amount_should_be_integer" classname="ExpenseTest" assertions="1" time="0.0020420000073499978">
  </testcase>
  <testcase name="test_Expense_should_have_an_amount" classname="ExpenseTest" assertions="1" time="0.0025809999788179994">
  </testcase>
  <testcase name="test_Expense_should_have_concept" classname="ExpenseTest" assertions="1" time="0.0019960000063292682">
  </testcase>
</testsuite>
