<?xml version="1.0" encoding="UTF-8"?>
<testsuite name="ExpenseTest" skipped="0" failures="0" errors="0" tests="4" assertions="4" time="0.007486999966204166">
  <testcase name="test_Expense_should_have_a_date" classname="ExpenseTest" assertions="1" time="0.002243999973870814">
  </testcase>
  <testcase name="test_Expense_amount_should_be_integer" classname="ExpenseTest" assertions="1" time="0.0016339999856427312">
  </testcase>
  <testcase name="test_Expense_should_have_concept" classname="ExpenseTest" assertions="1" time="0.0015370000037364662">
  </testcase>
  <testcase name="test_Expense_should_have_an_amount" classname="ExpenseTest" assertions="1" time="0.002072000002954155">
  </testcase>
</testsuite>
