<?xml version="1.0" encoding="UTF-8"?>
<testsuite name="ExpenseTest" skipped="0" failures="0" errors="0" tests="4" assertions="4" time="0.010399999970104545">
  <testcase name="test_Expense_should_have_an_amount" classname="ExpenseTest" assertions="1" time="0.0032789999968372285">
  </testcase>
  <testcase name="test_Expense_amount_should_be_integer" classname="ExpenseTest" assertions="1" time="0.0021219999762251973">
  </testcase>
  <testcase name="test_Expense_should_have_a_date" classname="ExpenseTest" assertions="1" time="0.002310000010766089">
  </testcase>
  <testcase name="test_Expense_should_have_concept" classname="ExpenseTest" assertions="1" time="0.0026889999862760305">
  </testcase>
</testsuite>
