<?xml version="1.0" encoding="UTF-8"?>
<testsuite name="ExpensesControllerTest" skipped="0" failures="0" errors="0" tests="15" assertions="25" time="3.7550909999990836">
  <testcase name="test_Should_get_Expenses_by_month,_year,_category_and_extype_in_JS" classname="ExpensesControllerTest" assertions="2" time="2.082049000018742">
  </testcase>
  <testcase name="test_Should_get_Expenses_by_month,_year_and_extype_in_JS" classname="ExpensesControllerTest" assertions="2" time="0.11914500000420958">
  </testcase>
  <testcase name="test_Should_get_Expenses_by_month,_year_and_extype_in_JSON" classname="ExpensesControllerTest" assertions="2" time="0.11548899998888373">
  </testcase>
  <testcase name="test_Should_get_Expenses_by_month_and_year_in_JS" classname="ExpensesControllerTest" assertions="2" time="0.11219600000185892">
  </testcase>
  <testcase name="test_Should_create_an_expense" classname="ExpensesControllerTest" assertions="1" time="0.056862999976146966">
  </testcase>
  <testcase name="test_Should_get_Expenses_by_month,_year_and_category_in_JSON" classname="ExpensesControllerTest" assertions="2" time="0.12048899999354035">
  </testcase>
  <testcase name="test_Should_get_Expenses_by_month,_year,_category_and_extype_in_HTML" classname="ExpensesControllerTest" assertions="2" time="0.33276600000681356">
  </testcase>
  <testcase name="test_Should_get_Expenses_by_month,_year,_category_and_extype_in_JSON" classname="ExpensesControllerTest" assertions="2" time="0.17303599999286234">
  </testcase>
  <testcase name="test_Should_get_Expenses_by_any_month_and_year_in_HTML" classname="ExpensesControllerTest" assertions="0" time="0.07110800000373274">
  </testcase>
  <testcase name="test_Should_get_actual_date_Expenses_index_(whit_no_params_at_all)" classname="ExpensesControllerTest" assertions="0" time="0.12425699998857453">
  </testcase>
  <testcase name="test_should_filter_by_extype" classname="ExpensesControllerTest" assertions="2" time="0.04797600000165403">
  </testcase>
  <testcase name="test_Should_get_Expenses_by_month,_year_and_extype_in_HTML" classname="ExpensesControllerTest" assertions="2" time="0.056890000007115304">
  </testcase>
  <testcase name="test_Should_get_Expenses_by_month,_year_and_category_in_HTML" classname="ExpensesControllerTest" assertions="2" time="0.07888300000922754">
  </testcase>
  <testcase name="test_Should_get_Expenses_by_month_and_year_in_JSON" classname="ExpensesControllerTest" assertions="2" time="0.11869700002716854">
  </testcase>
  <testcase name="test_Should_get_Expenses_by_month,_year_and_category_in_JS" classname="ExpensesControllerTest" assertions="2" time="0.1452469999785535">
  </testcase>
</testsuite>
