<?xml version="1.0" encoding="UTF-8"?>
<testsuite name="ExpensesControllerTest" skipped="0" failures="0" errors="0" tests="15" assertions="25" time="1.4777939999994487">
  <testcase name="test_Should_get_Expenses_by_month,_year_and_extype_in_HTML" classname="ExpensesControllerTest" assertions="2" time="0.05976300000020274">
  </testcase>
  <testcase name="test_Should_get_Expenses_by_month,_year,_category_and_extype_in_JSON" classname="ExpensesControllerTest" assertions="2" time="0.13467099999979837">
  </testcase>
  <testcase name="test_Should_get_Expenses_by_month,_year_and_category_in_JS" classname="ExpensesControllerTest" assertions="2" time="0.11032199999954173">
  </testcase>
  <testcase name="test_Should_get_Expenses_by_any_month_and_year_in_HTML" classname="ExpensesControllerTest" assertions="0" time="0.07893899999999121">
  </testcase>
  <testcase name="test_Should_get_Expenses_by_month,_year,_category_and_extype_in_HTML" classname="ExpensesControllerTest" assertions="2" time="0.08144200000060664">
  </testcase>
  <testcase name="test_Should_create_an_expense" classname="ExpensesControllerTest" assertions="1" time="0.0468059999993784">
  </testcase>
  <testcase name="test_Should_get_Expenses_by_month,_year_and_category_in_JSON" classname="ExpensesControllerTest" assertions="2" time="0.12258600000041042">
  </testcase>
  <testcase name="test_Should_get_Expenses_by_month_and_year_in_JS" classname="ExpensesControllerTest" assertions="2" time="0.12327399999958288">
  </testcase>
  <testcase name="test_Should_get_Expenses_by_month_and_year_in_JSON" classname="ExpensesControllerTest" assertions="2" time="0.12223600000015722">
  </testcase>
  <testcase name="test_Should_get_Expenses_by_month,_year_and_category_in_HTML" classname="ExpensesControllerTest" assertions="2" time="0.04697099999975762">
  </testcase>
  <testcase name="test_Should_get_Expenses_by_month,_year,_category_and_extype_in_JS" classname="ExpensesControllerTest" assertions="2" time="0.10752300000058312">
  </testcase>
  <testcase name="test_Should_get_actual_date_Expenses_index_(whit_no_params_at_all)" classname="ExpensesControllerTest" assertions="0" time="0.18031900000005407">
  </testcase>
  <testcase name="test_should_filter_by_extype" classname="ExpensesControllerTest" assertions="2" time="0.04447799999979907">
  </testcase>
  <testcase name="test_Should_get_Expenses_by_month,_year_and_extype_in_JSON" classname="ExpensesControllerTest" assertions="2" time="0.10897399999976187">
  </testcase>
  <testcase name="test_Should_get_Expenses_by_month,_year_and_extype_in_JS" classname="ExpensesControllerTest" assertions="2" time="0.10948999999982334">
  </testcase>
</testsuite>
