<?xml version="1.0" encoding="UTF-8"?>
<testsuite name="Features2Test" skipped="0" failures="0" errors="0" tests="5" assertions="0" time="13.06334799999604">
  <testcase name="test_Display_Expenses,_Indicators_and_Filters_views" classname="Features2Test" assertions="0" time="6.7899019999895245">
  </testcase>
  <testcase name="test_Can_generate_an_expense" classname="Features2Test" assertions="0" time="2.8907839999883436">
  </testcase>
  <testcase name="test_Display_all_dashboards" classname="Features2Test" assertions="0" time="1.688387000001967">
  </testcase>
  <testcase name="test_Display_specific_data_in_expenses_list" classname="Features2Test" assertions="0" time="0.4417799999937415">
  </testcase>
  <testcase name="test_Displays_actual_month_in_month_filter" classname="Features2Test" assertions="0" time="1.2524950000224635">
  </testcase>
</testsuite>
