<?xml version="1.0" encoding="UTF-8"?>
<testsuite name="ExpensesControllerTest" skipped="0" failures="0" errors="0" tests="9" assertions="17" time="0.6734839999116957">
  <testcase name="test_Should_get_Expenses_by_month,_year_and_extype_in_JS" classname="ExpensesControllerTest" assertions="2" time="0.18443699995987117">
  </testcase>
  <testcase name="test_Should_get_Expenses_by_month,_year,_category_and_extype_in_HTML" classname="ExpensesControllerTest" assertions="2" time="0.03504099999554455">
  </testcase>
  <testcase name="test_Should_get_Expenses_by_month_and_year_in_JS" classname="ExpensesControllerTest" assertions="2" time="0.09868199995253235">
  </testcase>
  <testcase name="test_Should_get_Expenses_by_month,_year_and_extype_in_HTML" classname="ExpensesControllerTest" assertions="2" time="0.05778799997642636">
  </testcase>
  <testcase name="test_Should_create_an_expense" classname="ExpensesControllerTest" assertions="1" time="0.052829000051133335">
  </testcase>
  <testcase name="test_Should_get_Expenses_by_month_and_year_in_HTML" classname="ExpensesControllerTest" assertions="2" time="0.04031299997586757">
  </testcase>
  <testcase name="test_Should_get_Expenses_index_whit_no_params_at_all" classname="ExpensesControllerTest" assertions="2" time="0.04177399998297915">
  </testcase>
  <testcase name="test_should_filter_by_extype" classname="ExpensesControllerTest" assertions="2" time="0.040121000027284026">
  </testcase>
  <testcase name="test_Should_get_Expenses_by_month,_year,_category_and_extype_in_JS" classname="ExpensesControllerTest" assertions="2" time="0.1224989999900572">
  </testcase>
</testsuite>
