<?xml version="1.0" encoding="UTF-8"?>
<testsuite name="Features2Test" skipped="0" failures="0" errors="0" tests="5" assertions="0" time="8.770166000000245">
  <testcase name="test_Display_specific_data_in_expenses_list" classname="Features2Test" assertions="0" time="3.364053999999669">
  </testcase>
  <testcase name="test_Can_generate_an_expense" classname="Features2Test" assertions="0" time="2.1757870000001276">
  </testcase>
  <testcase name="test_Display_Expenses,_Indicators_and_Filters_views" classname="Features2Test" assertions="0" time="0.49405099999967206">
  </testcase>
  <testcase name="test_Displays_actual_month_in_month_filter" classname="Features2Test" assertions="0" time="1.284033000000818">
  </testcase>
  <testcase name="test_Display_all_dashboards" classname="Features2Test" assertions="0" time="1.4522409999999581">
  </testcase>
</testsuite>
