<?xml version="1.0" encoding="UTF-8"?>
<testsuite name="ExpensesControllerTest" skipped="0" failures="0" errors="0" tests="3" assertions="5" time="2.266585999983363">
  <testcase name="test_Should_create_an_expense" classname="ExpensesControllerTest" assertions="1" time="1.869362999976147">
  </testcase>
  <testcase name="test_Should_get_Expenes_by_month" classname="ExpensesControllerTest" assertions="2" time="0.34374399995431304">
  </testcase>
  <testcase name="test_Should_get_Expenses_index" classname="ExpensesControllerTest" assertions="2" time="0.05347900005290285">
  </testcase>
</testsuite>
