<?xml version="1.0" encoding="UTF-8"?>
<testsuite name="ExpenseTest" skipped="0" failures="0" errors="0" tests="4" assertions="4" time="0.011041999969165772">
  <testcase name="test_Expense_should_have_a_date" classname="ExpenseTest" assertions="1" time="0.0026780000189319253">
  </testcase>
  <testcase name="test_Expense_should_have_concept" classname="ExpenseTest" assertions="1" time="0.0019989999709650874">
  </testcase>
  <testcase name="test_Expense_amount_should_be_integer" classname="ExpenseTest" assertions="1" time="0.0027199999894946814">
  </testcase>
  <testcase name="test_Expense_should_have_an_amount" classname="ExpenseTest" assertions="1" time="0.003644999989774078">
  </testcase>
</testsuite>
