<?xml version="1.0" encoding="UTF-8"?>
<testsuite name="Features2Test" skipped="0" failures="0" errors="0" tests="5" assertions="0" time="8.806428000039887">
  <testcase name="test_Can_generate_an_expense" classname="Features2Test" assertions="0" time="5.154733000032138">
  </testcase>
  <testcase name="test_Display_specific_data_in_expenses_list" classname="Features2Test" assertions="0" time="0.45043100003385916">
  </testcase>
  <testcase name="test_Display_Expenses,_Indicators_and_Filters_views" classname="Features2Test" assertions="0" time="0.48942399997031316">
  </testcase>
  <testcase name="test_Displays_actual_month_in_month_filter" classname="Features2Test" assertions="0" time="1.309504000004381">
  </testcase>
  <testcase name="test_Display_all_dashboards" classname="Features2Test" assertions="0" time="1.4023359999991953">
  </testcase>
</testsuite>
