<?xml version="1.0" encoding="UTF-8"?>
<testsuite name="DashboardControllerTest" skipped="0" failures="0" errors="0" tests="1" assertions="1" time="0.32998600002611056">
  <testcase name="test_should_get_index" classname="DashboardControllerTest" assertions="1" time="0.32998600002611056">
  </testcase>
</testsuite>
