<?xml version="1.0" encoding="UTF-8"?>
<testsuite name="ExpenseTest" skipped="0" failures="0" errors="0" tests="4" assertions="4" time="0.01921299990499392">
  <testcase name="test_Expense_amount_should_be_integer" classname="ExpenseTest" assertions="1" time="0.010954999946989119">
  </testcase>
  <testcase name="test_Expense_should_have_an_amount" classname="ExpenseTest" assertions="1" time="0.003093999985139817">
  </testcase>
  <testcase name="test_Expense_should_have_a_date" classname="ExpenseTest" assertions="1" time="0.0023090000031515956">
  </testcase>
  <testcase name="test_Expense_should_have_concept" classname="ExpenseTest" assertions="1" time="0.00285499996971339">
  </testcase>
</testsuite>
