<?xml version="1.0" encoding="UTF-8"?>
<testsuite name="ExpenseTest" skipped="0" failures="0" errors="0" tests="4" assertions="4" time="1.4900729999644682">
  <testcase name="test_Expense_should_have_concept" classname="ExpenseTest" assertions="1" time="1.4764880000147969">
  </testcase>
  <testcase name="test_Expense_should_have_a_date" classname="ExpenseTest" assertions="1" time="0.005275000003166497">
  </testcase>
  <testcase name="test_Expense_should_have_an_amount" classname="ExpenseTest" assertions="1" time="0.005736999970395118">
  </testcase>
  <testcase name="test_Expense_amount_should_be_integer" classname="ExpenseTest" assertions="1" time="0.0025729999761097133">
  </testcase>
</testsuite>
