<?xml version="1.0" encoding="UTF-8"?>
<testsuite name="DashboardControllerTest" skipped="0" failures="0" errors="0" tests="2" assertions="2" time="0.44551699998555705">
  <testcase name="test_Should_get_Dashboard_index_whit_no_params_at_all" classname="DashboardControllerTest" assertions="1" time="0.2215899999719113">
  </testcase>
  <testcase name="test_Should_get_Dashboard_with_month_and_year_in_HTML" classname="DashboardControllerTest" assertions="1" time="0.22392700001364574">
  </testcase>
</testsuite>
