<?xml version="1.0" encoding="UTF-8"?>
<testsuite name="ExpenseTest" skipped="0" failures="0" errors="0" tests="4" assertions="4" time="1.5320640000281855">
  <testcase name="test_Expense_should_have_an_amount" classname="ExpenseTest" assertions="1" time="1.5220940000144765">
  </testcase>
  <testcase name="test_Expense_amount_should_be_integer" classname="ExpenseTest" assertions="1" time="0.004420000012032688">
  </testcase>
  <testcase name="test_Expense_should_have_a_date" classname="ExpenseTest" assertions="1" time="0.0035860000061802566">
  </testcase>
  <testcase name="test_Expense_should_have_concept" classname="ExpenseTest" assertions="1" time="0.001963999995496124">
  </testcase>
</testsuite>
