<?xml version="1.0" encoding="UTF-8"?>
<testsuite name="ExpensesControllerTest" skipped="0" failures="0" errors="0" tests="15" assertions="25" time="1.37410500011174">
  <testcase name="test_Should_get_Expenses_by_any_month_and_year_in_HTML" classname="ExpensesControllerTest" assertions="0" time="0.07975999999325722">
  </testcase>
  <testcase name="test_Should_get_Expenses_by_month,_year,_category_and_extype_in_HTML" classname="ExpensesControllerTest" assertions="2" time="0.05295300000580028">
  </testcase>
  <testcase name="test_Should_get_Expenses_by_month,_year_and_extype_in_HTML" classname="ExpensesControllerTest" assertions="2" time="0.04773599997861311">
  </testcase>
  <testcase name="test_Should_create_an_expense" classname="ExpensesControllerTest" assertions="1" time="0.03997400001389906">
  </testcase>
  <testcase name="test_should_filter_by_extype" classname="ExpensesControllerTest" assertions="2" time="0.04652400000486523">
  </testcase>
  <testcase name="test_Should_get_Expenses_by_month,_year_and_category_in_JSON" classname="ExpensesControllerTest" assertions="2" time="0.13258600002154708">
  </testcase>
  <testcase name="test_Should_get_actual_date_Expenses_index_(whit_no_params_at_all)" classname="ExpensesControllerTest" assertions="0" time="0.12251900002593175">
  </testcase>
  <testcase name="test_Should_get_Expenses_by_month,_year_and_extype_in_JSON" classname="ExpensesControllerTest" assertions="2" time="0.13100400002440438">
  </testcase>
  <testcase name="test_Should_get_Expenses_by_month,_year_and_category_in_HTML" classname="ExpensesControllerTest" assertions="2" time="0.05157300003338605">
  </testcase>
  <testcase name="test_Should_get_Expenses_by_month,_year_and_extype_in_JS" classname="ExpensesControllerTest" assertions="2" time="0.10956299997633323">
  </testcase>
  <testcase name="test_Should_get_Expenses_by_month,_year,_category_and_extype_in_JSON" classname="ExpensesControllerTest" assertions="2" time="0.10955200000898913">
  </testcase>
  <testcase name="test_Should_get_Expenses_by_month_and_year_in_JS" classname="ExpensesControllerTest" assertions="2" time="0.11263099999632686">
  </testcase>
  <testcase name="test_Should_get_Expenses_by_month_and_year_in_JSON" classname="ExpensesControllerTest" assertions="2" time="0.10863299999618903">
  </testcase>
  <testcase name="test_Should_get_Expenses_by_month,_year_and_category_in_JS" classname="ExpensesControllerTest" assertions="2" time="0.1138619999983348">
  </testcase>
  <testcase name="test_Should_get_Expenses_by_month,_year,_category_and_extype_in_JS" classname="ExpensesControllerTest" assertions="2" time="0.11523500003386289">
  </testcase>
</testsuite>
