<?xml version="1.0" encoding="UTF-8"?>
<testsuite name="ExpensesControllerTest" skipped="0" failures="0" errors="0" tests="15" assertions="25" time="1.6895240001031198">
  <testcase name="test_Should_get_Expenses_by_month,_year_and_category_in_JSON" classname="ExpensesControllerTest" assertions="2" time="0.173521000018809">
  </testcase>
  <testcase name="test_Should_get_Expenses_by_month,_year,_category_and_extype_in_HTML" classname="ExpensesControllerTest" assertions="2" time="0.055669000023044646">
  </testcase>
  <testcase name="test_Should_get_actual_date_Expenses_index_(whit_no_params_at_all)" classname="ExpensesControllerTest" assertions="0" time="0.13494999997783452">
  </testcase>
  <testcase name="test_Should_get_Expenses_by_month,_year_and_extype_in_HTML" classname="ExpensesControllerTest" assertions="2" time="0.053737000038381666">
  </testcase>
  <testcase name="test_Should_get_Expenses_by_month_and_year_in_JS" classname="ExpensesControllerTest" assertions="2" time="0.20947699999669567">
  </testcase>
  <testcase name="test_Should_get_Expenses_by_month,_year,_category_and_extype_in_JS" classname="ExpensesControllerTest" assertions="2" time="0.19860900001367554">
  </testcase>
  <testcase name="test_Should_get_Expenses_by_month,_year,_category_and_extype_in_JSON" classname="ExpensesControllerTest" assertions="2" time="0.1689100000075996">
  </testcase>
  <testcase name="test_Should_get_Expenses_by_any_month_and_year_in_HTML" classname="ExpensesControllerTest" assertions="0" time="0.0711379999993369">
  </testcase>
  <testcase name="test_Should_get_Expenses_by_month,_year_and_category_in_JS" classname="ExpensesControllerTest" assertions="2" time="0.11858700000448152">
  </testcase>
  <testcase name="test_Should_get_Expenses_by_month,_year_and_category_in_HTML" classname="ExpensesControllerTest" assertions="2" time="0.04881099995691329">
  </testcase>
  <testcase name="test_Should_create_an_expense" classname="ExpensesControllerTest" assertions="1" time="0.06298600003356114">
  </testcase>
  <testcase name="test_Should_get_Expenses_by_month,_year_and_extype_in_JSON" classname="ExpensesControllerTest" assertions="2" time="0.11302599997725338">
  </testcase>
  <testcase name="test_Should_get_Expenses_by_month,_year_and_extype_in_JS" classname="ExpensesControllerTest" assertions="2" time="0.11026899999706075">
  </testcase>
  <testcase name="test_Should_get_Expenses_by_month_and_year_in_JSON" classname="ExpensesControllerTest" assertions="2" time="0.11960200004978105">
  </testcase>
  <testcase name="test_should_filter_by_extype" classname="ExpensesControllerTest" assertions="2" time="0.0502320000086911">
  </testcase>
</testsuite>
