<?xml version="1.0" encoding="UTF-8"?>
<testsuite name="Features2Test" skipped="0" failures="0" errors="0" tests="5" assertions="0" time="8.741302000009455">
  <testcase name="test_Can_generate_an_expense" classname="Features2Test" assertions="0" time="5.100563999963924">
  </testcase>
  <testcase name="test_Display_all_dashboards" classname="Features2Test" assertions="0" time="1.50131700001657">
  </testcase>
  <testcase name="test_Display_specific_data_in_expenses_list" classname="Features2Test" assertions="0" time="0.4389250000240281">
  </testcase>
  <testcase name="test_Display_Expenses,_Indicators_and_Filters_views" classname="Features2Test" assertions="0" time="0.4969159999745898">
  </testcase>
  <testcase name="test_Displays_actual_month_in_month_filter" classname="Features2Test" assertions="0" time="1.2035800000303425">
  </testcase>
</testsuite>
